mode: set
library-management/backend/cmd/api/main.go:3.14,4.2 0 0
library-management/backend/internal/database/postgres.go:12.52,14.16 2 0
library-management/backend/internal/database/postgres.go:14.16,16.3 1 0
library-management/backend/internal/database/postgres.go:17.2,22.16 5 0
library-management/backend/internal/database/postgres.go:22.16,24.3 1 0
library-management/backend/internal/database/postgres.go:25.2,25.16 1 0
library-management/backend/internal/api/api.go:23.51,24.23 1 1
library-management/backend/internal/api/api.go:24.23,26.3 1 1
library-management/backend/internal/api/api.go:27.2,29.45 2 1
library-management/backend/internal/api/api.go:29.45,33.3 1 1
library-management/backend/internal/api/api.go:35.2,39.3 1 1
library-management/backend/internal/api/api.go:42.29,48.12 2 0
library-management/backend/internal/api/api.go:48.12,49.77 1 0
library-management/backend/internal/api/api.go:49.77,51.4 1 0
library-management/backend/internal/api/api.go:56.2,66.42 7 0
library-management/backend/internal/api/api.go:66.42,68.3 1 0
library-management/backend/internal/api/api.go:70.2,70.9 1 0
library-management/backend/internal/api/api.go:71.20,72.39 1 0
library-management/backend/internal/api/api.go:74.2,75.12 2 0
library-management/backend/internal/database/postgres.go:12.52,14.16 2 1
library-management/backend/internal/database/postgres.go:14.16,16.3 1 0
library-management/backend/internal/database/postgres.go:17.2,22.16 5 1
library-management/backend/internal/database/postgres.go:22.16,24.3 1 0
library-management/backend/internal/database/postgres.go:25.2,25.16 1 1
library-management/backend/internal/config/config.go:20.26,22.2 1 1
library-management/backend/internal/config/config.go:24.38,29.2 4 1
